
Apr-28-2012 @ 20:30:13 TwitterImpl.readTweets [43] - Reading tweets by[martinfowler] 
Apr-28-2012 @ 20:30:13 TwitterImpl.readTweets [51] - No of status found [100] 
Apr-28-2012 @ 20:30:13 TwitterImpl.readTweets [43] - Reading tweets by[martinfowler] 
Apr-28-2012 @ 20:30:14 TwitterImpl.readTweets [51] - No of status found [20] 
Apr-28-2012 @ 20:30:14 TwitterImpl.readTweets [54] - Cannot continue; invalid twitterId [null] 
Apr-28-2012 @ 20:30:14 TwitterImpl.readTweets [54] - Cannot continue; invalid twitterId [null] 
Apr-28-2012 @ 20:30:14 TwitterImpl.readTweets [54] - Cannot continue; invalid twitterId [] 
Apr-28-2012 @ 20:30:14 TwitterImpl.searchTwitter [72] - No of search results found [97]
Apr-28-2012 @ 20:39:49 TwitterImpl.readTweets [43] - Reading tweets by[martinfowler] 
Apr-28-2012 @ 20:39:49 TwitterImpl.readTweets [51] - No of status found [100] 
Apr-28-2012 @ 20:39:49 TwitterImpl.readTweets [43] - Reading tweets by[martinfowler] 
Apr-28-2012 @ 20:39:49 TwitterImpl.readTweets [51] - No of status found [20] 
Apr-28-2012 @ 20:39:49 TwitterImpl.readTweets [54] - Cannot continue; invalid twitterId [null] 
Apr-28-2012 @ 20:39:49 TwitterImpl.readTweets [54] - Cannot continue; invalid twitterId [null] 
Apr-28-2012 @ 20:39:49 TwitterImpl.readTweets [54] - Cannot continue; invalid twitterId [] 
Apr-28-2012 @ 20:39:50 TwitterImpl.searchTwitter [72] - No of search results found [98]
Apr-29-2012 @ 21:46:01 TwitterImpl.readTweets [43] - Reading tweets by[martinfowler] 
Apr-29-2012 @ 21:46:02 TwitterImpl.readTweets [51] - No of status found [100] 
Apr-29-2012 @ 21:46:02 TwitterImpl.readTweets [43] - Reading tweets by[martinfowler] 
Apr-29-2012 @ 21:46:02 TwitterImpl.readTweets [51] - No of status found [20] 
Apr-29-2012 @ 21:46:02 TwitterImpl.readTweets [54] - Cannot continue; invalid twitterId [null] 
Apr-29-2012 @ 21:46:02 TwitterImpl.readTweets [54] - Cannot continue; invalid twitterId [null] 
Apr-29-2012 @ 21:46:02 TwitterImpl.readTweets [54] - Cannot continue; invalid twitterId [] 
Apr-29-2012 @ 21:46:02 TwitterImpl.searchTwitter [72] - No of search results found [91]
May-02-2012 @ 01:49:58 TwitterImpl.readTweets [43] - Reading tweets by[martinfowler] 
May-02-2012 @ 01:49:58 TwitterImpl.readTweets [51] - No of status found [100] 
May-02-2012 @ 01:49:58 TwitterImpl.readTweets [43] - Reading tweets by[martinfowler] 
May-02-2012 @ 01:49:58 TwitterImpl.readTweets [51] - No of status found [20] 
May-02-2012 @ 01:49:58 TwitterImpl.readTweets [54] - Cannot continue; invalid twitterId [null] 
May-02-2012 @ 01:49:58 TwitterImpl.readTweets [54] - Cannot continue; invalid twitterId [null] 
May-02-2012 @ 01:49:58 TwitterImpl.readTweets [54] - Cannot continue; invalid twitterId [] 
May-02-2012 @ 01:49:59 TwitterImpl.searchTwitter [72] - No of search results found [100]
May-03-2012 @ 00:12:16 TwitterImpl.readTweets [43] - Reading tweets by[martinfowler] 
May-03-2012 @ 00:12:17 TwitterImpl.readTweets [51] - No of status found [100] 
May-03-2012 @ 00:12:17 TwitterImpl.readTweets [43] - Reading tweets by[martinfowler] 
May-03-2012 @ 00:12:17 TwitterImpl.readTweets [51] - No of status found [20] 
May-03-2012 @ 00:12:17 TwitterImpl.readTweets [54] - Cannot continue; invalid twitterId [null] 
May-03-2012 @ 00:12:17 TwitterImpl.readTweets [54] - Cannot continue; invalid twitterId [null] 
May-03-2012 @ 00:12:17 TwitterImpl.readTweets [54] - Cannot continue; invalid twitterId [] 
May-03-2012 @ 00:12:17 TwitterImpl.searchTwitter [72] - No of search results found [100]
May-04-2012 @ 00:33:52 TwitterImpl.readTweets [43] - Reading tweets by[martinfowler] 
May-04-2012 @ 00:33:52 TwitterImpl.readTweets [51] - No of status found [100] 
May-04-2012 @ 00:33:52 TwitterImpl.readTweets [43] - Reading tweets by[martinfowler] 
May-04-2012 @ 00:33:52 TwitterImpl.readTweets [51] - No of status found [20] 
May-04-2012 @ 00:33:52 TwitterImpl.readTweets [54] - Cannot continue; invalid twitterId [null] 
May-04-2012 @ 00:33:52 TwitterImpl.readTweets [54] - Cannot continue; invalid twitterId [null] 
May-04-2012 @ 00:33:52 TwitterImpl.readTweets [54] - Cannot continue; invalid twitterId [] 
May-04-2012 @ 00:33:53 TwitterImpl.searchTwitter [72] - No of search results found [99]
May-05-2012 @ 00:49:49 TwitterImpl.readTweets [43] - Reading tweets by[martinfowler] 
May-05-2012 @ 00:49:50 TwitterImpl.readTweets [51] - No of status found [100] 
May-05-2012 @ 00:49:50 TwitterImpl.readTweets [43] - Reading tweets by[martinfowler] 
May-05-2012 @ 00:49:50 TwitterImpl.readTweets [51] - No of status found [20] 
May-05-2012 @ 00:49:50 TwitterImpl.readTweets [54] - Cannot continue; invalid twitterId [null] 
May-05-2012 @ 00:49:50 TwitterImpl.readTweets [54] - Cannot continue; invalid twitterId [null] 
May-05-2012 @ 00:49:50 TwitterImpl.readTweets [54] - Cannot continue; invalid twitterId [] 
May-05-2012 @ 00:49:50 TwitterImpl.searchTwitter [72] - No of search results found [99]
May-05-2012 @ 00:53:33 TwitterImpl.readTweets [43] - Reading tweets by[martinfowler] 
May-05-2012 @ 00:53:34 TwitterImpl.readTweets [51] - No of status found [100] 
May-05-2012 @ 00:53:34 TwitterImpl.readTweets [43] - Reading tweets by[martinfowler] 
May-05-2012 @ 00:53:34 TwitterImpl.readTweets [51] - No of status found [20] 
May-05-2012 @ 00:53:34 TwitterImpl.readTweets [54] - Cannot continue; invalid twitterId [null] 
May-05-2012 @ 00:53:34 TwitterImpl.readTweets [54] - Cannot continue; invalid twitterId [null] 
May-05-2012 @ 00:53:34 TwitterImpl.readTweets [54] - Cannot continue; invalid twitterId [] 
May-05-2012 @ 00:53:34 TwitterImpl.searchTwitter [72] - No of search results found [99]
May-05-2012 @ 01:00:33 TwitterImpl.readTweets [43] - Reading tweets by[martinfowler] 
May-05-2012 @ 01:00:33 TwitterImpl.readTweets [51] - No of status found [100] 
May-05-2012 @ 01:00:33 TwitterImpl.readTweets [43] - Reading tweets by[martinfowler] 
May-05-2012 @ 01:00:33 TwitterImpl.readTweets [51] - No of status found [20] 
May-05-2012 @ 01:00:33 TwitterImpl.readTweets [54] - Cannot continue; invalid twitterId [null] 
May-05-2012 @ 01:00:33 TwitterImpl.readTweets [54] - Cannot continue; invalid twitterId [null] 
May-05-2012 @ 01:00:33 TwitterImpl.readTweets [54] - Cannot continue; invalid twitterId [] 
May-05-2012 @ 01:00:34 TwitterImpl.searchTwitter [72] - No of search results found [99]
